<?xml version="1.0" encoding="UTF-8"?>
<!-- Generated by org.testng.reporters.JUnitReportReporter -->
<testsuite skipped="1" hostname="Family" name="appTest.FnlClass" tests="2" failures="0" timestamp="28 Sep 2019 08:32:32 GMT" time="25.548" errors="1">
  <testcase name="main" time="25.548" classname="appTest.FnlClass">
    <error type="org.openqa.selenium.NoSuchElementException" message="no such element: Unable to locate element: {&quot;method&quot;:&quot;xpath&quot;,&quot;selector&quot;:&quot;/html[@class=&#039; yes-js js_active js js no-touch js_active  vc_desktop  vc_transform  vc_transform &#039;]/body[@class=&#039;home page-template page-template-page-full-width page-template-page-full-width-php page page-id-522 wp-custom-logo woocommerce-demo-store woocommerce-js  page-fullwidth full-width-layout wpb-js-composer js-comp-ver-5.7 vc_responsive&#039;]/div[@id=&#039;noo-site&#039;]/div[@class=&#039;page_fullwidth&#039;]/div[@class=&#039;noo-container-fluid&#039;][4]/div[@class=&#039;vc_row wpb_row vc_row-fluid&#039;]/div[@class=&#039;padding-stylebox wpb_column vc_column_container vc_col-sm-12 vc_col-lg-7 vc_col-md-7&#039;]/div[@class=&#039;vc_column-inner vc_custom_1465283139672&#039;]/div[@class=&#039;wpb_wrapper&#039;]/div[@class=&#039;noo-shortcode-product-wrap&#039;]/div[@class=&#039;noo-sh-product-grid woocommerce &#039;]/div[@class=&#039;noo-sh-product-html columns_3 no_masonry three row is-flex&#039;]/div[@class=&#039;noo-product-item noo-product-sm-4 not_featured post-1162 product type-product status-publish has-post-thumbnail product_cat-dress product_cat-maxi-dresses product_tag-dress product_tag-maxi product_tag-women has-featured  instock sale shipping-taxable purchasable product-type-variable&#039;]/div[@class=&#039;noo-product-inner noo-product-inner2&#039;]/h3/a&quot;}
  (Session info: chrome=75.0.3770.80)
For documentation on this error, please visit: https://www.seleniumhq.org/exceptions/no_such_element.html
Build info: version: &#039;3.141.59&#039;, revision: &#039;e82be7d358&#039;, time: &#039;2018-11-14T08:25:48&#039;
System info: host: &#039;FAMILY&#039;, ip: &#039;192.168.1.8&#039;, os.name: &#039;Windows 7&#039;, os.arch: &#039;amd64&#039;, os.version: &#039;6.1&#039;, java.version: &#039;1.8.0_211&#039;
Driver info: org.openqa.selenium.chrome.ChromeDriver
Capabilities {acceptInsecureCerts: false, browserName: chrome, browserVersion: 75.0.3770.80, chrome: {chromedriverVersion: 75.0.3770.90 (a6dcaf7e3ec6f..., userDataDir: C:\Users\Admin\AppData\Loca...}, goog:chromeOptions: {debuggerAddress: localhost:50574}, javascriptEnabled: true, networkConnectionEnabled: false, pageLoadStrategy: normal, platform: XP, platformName: XP, proxy: Proxy(), setWindowRect: true, strictFileInteractability: false, timeouts: {implicit: 0, pageLoad: 300000, script: 30000}, unhandledPromptBehavior: dismiss and notify}
Session ID: 4fbea4774ea3c80f0d25cf9eb64061de
*** Element info: {Using=xpath, value=/html[@class=&#039; yes-js js_active js js no-touch js_active  vc_desktop  vc_transform  vc_transform &#039;]/body[@class=&#039;home page-template page-template-page-full-width page-template-page-full-width-php page page-id-522 wp-custom-logo woocommerce-demo-store woocommerce-js  page-fullwidth full-width-layout wpb-js-composer js-comp-ver-5.7 vc_responsive&#039;]/div[@id=&#039;noo-site&#039;]/div[@class=&#039;page_fullwidth&#039;]/div[@class=&#039;noo-container-fluid&#039;][4]/div[@class=&#039;vc_row wpb_row vc_row-fluid&#039;]/div[@class=&#039;padding-stylebox wpb_column vc_column_container vc_col-sm-12 vc_col-lg-7 vc_col-md-7&#039;]/div[@class=&#039;vc_column-inner vc_custom_1465283139672&#039;]/div[@class=&#039;wpb_wrapper&#039;]/div[@class=&#039;noo-shortcode-product-wrap&#039;]/div[@class=&#039;noo-sh-product-grid woocommerce &#039;]/div[@class=&#039;noo-sh-product-html columns_3 no_masonry three row is-flex&#039;]/div[@class=&#039;noo-product-item noo-product-sm-4 not_featured post-1162 product type-product status-publish has-post-thumbnail product_cat-dress product_cat-maxi-dresses product_tag-dress product_tag-maxi product_tag-women has-featured  instock sale shipping-taxable purchasable product-type-variable&#039;]/div[@class=&#039;noo-product-inner noo-product-inner2&#039;]/h3/a}">
      <![CDATA[org.openqa.selenium.NoSuchElementException: no such element: Unable to locate element: {"method":"xpath","selector":"/html[@class=' yes-js js_active js js no-touch js_active  vc_desktop  vc_transform  vc_transform ']/body[@class='home page-template page-template-page-full-width page-template-page-full-width-php page page-id-522 wp-custom-logo woocommerce-demo-store woocommerce-js  page-fullwidth full-width-layout wpb-js-composer js-comp-ver-5.7 vc_responsive']/div[@id='noo-site']/div[@class='page_fullwidth']/div[@class='noo-container-fluid'][4]/div[@class='vc_row wpb_row vc_row-fluid']/div[@class='padding-stylebox wpb_column vc_column_container vc_col-sm-12 vc_col-lg-7 vc_col-md-7']/div[@class='vc_column-inner vc_custom_1465283139672']/div[@class='wpb_wrapper']/div[@class='noo-shortcode-product-wrap']/div[@class='noo-sh-product-grid woocommerce ']/div[@class='noo-sh-product-html columns_3 no_masonry three row is-flex']/div[@class='noo-product-item noo-product-sm-4 not_featured post-1162 product type-product status-publish has-post-thumbnail product_cat-dress product_cat-maxi-dresses product_tag-dress product_tag-maxi product_tag-women has-featured  instock sale shipping-taxable purchasable product-type-variable']/div[@class='noo-product-inner noo-product-inner2']/h3/a"}
  (Session info: chrome=75.0.3770.80)
For documentation on this error, please visit: https://www.seleniumhq.org/exceptions/no_such_element.html
Build info: version: '3.141.59', revision: 'e82be7d358', time: '2018-11-14T08:25:48'
System info: host: 'FAMILY', ip: '192.168.1.8', os.name: 'Windows 7', os.arch: 'amd64', os.version: '6.1', java.version: '1.8.0_211'
Driver info: org.openqa.selenium.chrome.ChromeDriver
Capabilities {acceptInsecureCerts: false, browserName: chrome, browserVersion: 75.0.3770.80, chrome: {chromedriverVersion: 75.0.3770.90 (a6dcaf7e3ec6f..., userDataDir: C:\Users\Admin\AppData\Loca...}, goog:chromeOptions: {debuggerAddress: localhost:50574}, javascriptEnabled: true, networkConnectionEnabled: false, pageLoadStrategy: normal, platform: XP, platformName: XP, proxy: Proxy(), setWindowRect: true, strictFileInteractability: false, timeouts: {implicit: 0, pageLoad: 300000, script: 30000}, unhandledPromptBehavior: dismiss and notify}
Session ID: 4fbea4774ea3c80f0d25cf9eb64061de
*** Element info: {Using=xpath, value=/html[@class=' yes-js js_active js js no-touch js_active  vc_desktop  vc_transform  vc_transform ']/body[@class='home page-template page-template-page-full-width page-template-page-full-width-php page page-id-522 wp-custom-logo woocommerce-demo-store woocommerce-js  page-fullwidth full-width-layout wpb-js-composer js-comp-ver-5.7 vc_responsive']/div[@id='noo-site']/div[@class='page_fullwidth']/div[@class='noo-container-fluid'][4]/div[@class='vc_row wpb_row vc_row-fluid']/div[@class='padding-stylebox wpb_column vc_column_container vc_col-sm-12 vc_col-lg-7 vc_col-md-7']/div[@class='vc_column-inner vc_custom_1465283139672']/div[@class='wpb_wrapper']/div[@class='noo-shortcode-product-wrap']/div[@class='noo-sh-product-grid woocommerce ']/div[@class='noo-sh-product-html columns_3 no_masonry three row is-flex']/div[@class='noo-product-item noo-product-sm-4 not_featured post-1162 product type-product status-publish has-post-thumbnail product_cat-dress product_cat-maxi-dresses product_tag-dress product_tag-maxi product_tag-women has-featured  instock sale shipping-taxable purchasable product-type-variable']/div[@class='noo-product-inner noo-product-inner2']/h3/a}
at sun.reflect.NativeConstructorAccessorImpl.newInstance0(Native Method)
at sun.reflect.NativeConstructorAccessorImpl.newInstance(Unknown Source)
at sun.reflect.DelegatingConstructorAccessorImpl.newInstance(Unknown Source)
at java.lang.reflect.Constructor.newInstance(Unknown Source)
at org.openqa.selenium.remote.http.W3CHttpResponseCodec.createException(W3CHttpResponseCodec.java:187)
at org.openqa.selenium.remote.http.W3CHttpResponseCodec.decode(W3CHttpResponseCodec.java:122)
at org.openqa.selenium.remote.http.W3CHttpResponseCodec.decode(W3CHttpResponseCodec.java:49)
at org.openqa.selenium.remote.HttpCommandExecutor.execute(HttpCommandExecutor.java:158)
at org.openqa.selenium.remote.service.DriverCommandExecutor.execute(DriverCommandExecutor.java:83)
at org.openqa.selenium.remote.RemoteWebDriver.execute(RemoteWebDriver.java:552)
at org.openqa.selenium.remote.RemoteWebDriver.findElement(RemoteWebDriver.java:323)
at org.openqa.selenium.remote.RemoteWebDriver.findElementByXPath(RemoteWebDriver.java:428)
at org.openqa.selenium.By$ByXPath.findElement(By.java:353)
at org.openqa.selenium.remote.RemoteWebDriver.findElement(RemoteWebDriver.java:315)
at pageObject.Hompage.blackcrossdress(Hompage.java:19)
at appTest.FnlClass.main(FnlClass.java:55)
at sun.reflect.NativeMethodAccessorImpl.invoke0(Native Method)
at sun.reflect.NativeMethodAccessorImpl.invoke(Unknown Source)
at sun.reflect.DelegatingMethodAccessorImpl.invoke(Unknown Source)
at java.lang.reflect.Method.invoke(Unknown Source)
at org.testng.internal.MethodInvocationHelper.invokeMethod(MethodInvocationHelper.java:124)
at org.testng.internal.Invoker.invokeMethod(Invoker.java:583)
at org.testng.internal.Invoker.invokeTestMethod(Invoker.java:719)
at org.testng.internal.Invoker.invokeTestMethods(Invoker.java:989)
at org.testng.internal.TestMethodWorker.invokeTestMethods(TestMethodWorker.java:125)
at org.testng.internal.TestMethodWorker.run(TestMethodWorker.java:109)
at org.testng.TestRunner.privateRun(TestRunner.java:648)
at org.testng.TestRunner.run(TestRunner.java:505)
at org.testng.SuiteRunner.runTest(SuiteRunner.java:455)
at org.testng.SuiteRunner.runSequentially(SuiteRunner.java:450)
at org.testng.SuiteRunner.privateRun(SuiteRunner.java:415)
at org.testng.SuiteRunner.run(SuiteRunner.java:364)
at org.testng.SuiteRunnerWorker.runSuite(SuiteRunnerWorker.java:52)
at org.testng.SuiteRunnerWorker.run(SuiteRunnerWorker.java:84)
at org.testng.TestNG.runSuitesSequentially(TestNG.java:1208)
at org.testng.TestNG.runSuitesLocally(TestNG.java:1137)
at org.testng.TestNG.runSuites(TestNG.java:1049)
at org.testng.TestNG.run(TestNG.java:1017)
at org.testng.remote.AbstractRemoteTestNG.run(AbstractRemoteTestNG.java:115)
at org.testng.remote.RemoteTestNG.initAndRun(RemoteTestNG.java:251)
at org.testng.remote.RemoteTestNG.main(RemoteTestNG.java:77)
]]>
    </error>
  </testcase> <!-- main -->
  <testcase name="f" time="0.000" classname="appTest.FnlClass">
    <skipped/>
  </testcase> <!-- f -->
</testsuite> <!-- appTest.FnlClass -->
